==================== 2026-06-08T10:45:17.192580Z | 019ea6d6-3706-7362-b9d1-6a6fd11879f5 ====================
10:45:17.192714 [info ]: dbt-core 2.0.0-alpha.1
10:45:17.193157 [info ]: Started loading project
10:45:17.196884 [info ]: Loading profiles.yml
10:45:17.197679 [info ]: Finished loading project [  0.00s]
10:45:17.197877 [info ]: Started debugging
10:45:17.197946 [info ]: Debugging profile: dev
10:45:17.198028 [info ]: Debugging dbt version: 2.0.0-alpha.1
10:45:17.198125 [info ]: Debugging platform: windows x86_64 (windows)
10:45:17.198213 [info ]: Debugging adapter type: duckdb (remote)
10:45:17.198541 [info ]: Debugging dependencies:
  git: ERROR
10:45:17.198725 [info ]: Debugging connection:
  "path": "../data/f1.duckdb"
10:45:18.583983 [debug]: Query executed on node unknown:
select 1 as id
10:45:18.584196 [info ]: Debugging connection test: OK
10:45:18.586846 [info ]: Finished debugging [  1.39s]
10:45:18.626059 [info ]: 
==================== Execution Summary =====================
Finished 'debug' successfully for target 'dev' [1.4s]
==================== 2026-06-08T10:56:54.386443Z | 019ea6e0-da6e-76b2-a111-a817812e06a0 ====================
10:56:54.386595 [info ]: dbt-core 2.0.0-alpha.1
10:56:54.387112 [info ]: Started loading project
10:56:54.391055 [info ]: Loading profiles.yml
10:56:54.394267 [debug]:    Started loading packages
10:56:54.397281 [debug]:     Loaded [  0.00s] packages
10:56:54.399276 [info ]: Finished loading project [  0.01s]
10:56:54.400016 [info ]: Started parsing
10:56:54.434328 [debug]: Finished parsing models\sources.yml [  0.00s]
10:56:54.437501 [debug]: Finished parsing models\fastest_laps.sql [  0.00s]
10:56:54.441107 [info ]: Finished parsing [  0.04s]
10:56:54.442316 [info ]: Started scheduling
10:56:54.442694 [info ]: Finished scheduling [  0.00s]
10:56:54.448506 [debug]: Initializing schema store with entry: Frontier(CanonicalFqn { catalog: "f1", schema: "f1", table: "lap_times" }) and interval: None
10:56:54.451950 [info ]: Started building task graph
10:56:54.452824 [info ]: Finished building task graph [  0.00s]
10:56:54.520387 [debug]: Query executed on node unknown:
/* {"app": "dbt", "connection_name": "", "dbt_version": "2.0.0", "profile_name": "f1_transform", "target_name": "dev"} */

    
    select schema_name
    from system.information_schema.schemata
    
    where lower(catalog_name) = '"f1"'
    
  
  
10:56:54.521547 [debug]: Query executed on node unknown:
/* {"app": "dbt", "connection_name": "", "dbt_version": "2.0.0", "profile_name": "f1_transform", "target_name": "dev"} */

    
        select type from duckdb_databases()
        where lower(database_name)='f1'
        and type='sqlite'
    
  
10:56:54.522060 [debug]: Query executed on node unknown:
/* {"app": "dbt", "connection_name": "", "dbt_version": "2.0.0", "profile_name": "f1_transform", "target_name": "dev"} */

    
    
        create schema if not exists "f1"."main"
    
10:56:54.522230 [info ]: Started rendering (1 nodes)
10:56:54.522454 [info ]: Started model main.fastest_laps
10:56:54.522494 [debug]: Started rendering model main.fastest_laps
10:56:54.533817 [debug]: Compiled SQL for node model.f1_transform.fastest_laps at target\compiled\f1_transform\models\fastest_laps.sql
10:56:54.534410 [debug]: Finished rendering [  0.01s] model main.fastest_laps [success]
10:56:54.535130 [info ]: Finished rendering [  0.01s] (1 nodes, 0 skipped, 0 errors)
10:56:54.535894 [info ]: Started running (1 nodes)
10:56:54.536120 [info ]: Started running model main.fastest_laps
10:56:54.562197 [debug]: Query executed on node model.f1_transform.fastest_laps:
SELECT table_catalog, table_schema, table_name, table_type FROM information_schema.tables WHERE table_schema = 'main'
10:56:54.577082 [debug]: Writing runtime sql for node "model.f1_transform.fastest_laps"
10:56:54.601114 [debug]: Query executed on node model.f1_transform.fastest_laps:
/* {"app": "dbt", "dbt_version": "2.0.0", "node_id": "model.f1_transform.fastest_laps", "profile_name": "f1_transform", "target_name": "dev"} */

  
    
    

    create  table
      "f1"."main"."fastest_laps__dbt_tmp"
  
    as (
      SELECT
    driver_id,
    MIN((CAST(SPLIT_PART(time, ':', 1) AS INTEGER) * 60000) +
        (CAST(SPLIT_PART(time, ':', 2) AS FLOAT) * 1000)) AS fastest_lap_ms
FROM "f1"."f1"."lap_times"
GROUP BY driver_id
    );
  
  
10:56:55.604702 [error]: [DbDriverFailed (dbt1308)]: Database Error in model fastest_laps (target\run\f1_transform\models\fastest_laps.sql)
  Catalog Error: Table with name "f1.lap_times" does not exist because schema "f1" does not exist.
  
  LINE 15: FROM "f1"."f1"."lap_times"
                ^
  (in compiled\f1_transform\models\fastest_laps.sql:1:11)
10:56:55.605585 [info ]: Finished running [  1.07s] model main.fastest_laps [error]
10:56:55.609183 [info ]: Finished running [  1.07s] (1 nodes, 0 skipped, 1 errors)
10:56:55.613433 [info ]:     Failed [  1.08s] model main.fastest_laps (table)
10:56:55.748406 [info ]: 
==================== Execution Summary =====================
Finished 'run' with 1 error for target 'dev' [1.4s]
Processed: 1 model
Summary: 1 total | 1 error
==================== 2026-06-08T10:57:31.604181Z | 019ea6e1-6bd1-7c00-837c-5fc980f67e84 ====================
10:57:31.604327 [info ]: dbt-core 2.0.0-alpha.1
10:57:31.604837 [info ]: Started loading project
10:57:31.609440 [info ]: Loading profiles.yml
10:57:31.611990 [debug]:    Started loading packages
10:57:31.614859 [debug]:     Loaded [  0.00s] packages
10:57:31.615913 [info ]: Finished loading project [  0.01s]
10:57:31.616611 [info ]: Started parsing
10:57:31.650333 [debug]: Finished parsing models\sources.yml [  0.00s]
10:57:31.652310 [debug]: Finished parsing models\fastest_laps.sql [  0.00s]
10:57:31.656144 [info ]: Finished parsing [  0.04s]
10:57:31.657072 [info ]: Started scheduling
10:57:31.657325 [info ]: Finished scheduling [  0.00s]
10:57:31.661289 [debug]: Initializing schema store with entry: Frontier(CanonicalFqn { catalog: "f1", schema: "main", table: "lap_times" }) and interval: None
10:57:31.663307 [info ]: Started building task graph
10:57:31.663603 [info ]: Finished building task graph [  0.00s]
10:57:31.704404 [debug]: Query executed on node unknown:
/* {"app": "dbt", "connection_name": "", "dbt_version": "2.0.0", "profile_name": "f1_transform", "target_name": "dev"} */

    
    select schema_name
    from system.information_schema.schemata
    
    where lower(catalog_name) = '"f1"'
    
  
  
10:57:31.709462 [debug]: Query executed on node unknown:
/* {"app": "dbt", "connection_name": "", "dbt_version": "2.0.0", "profile_name": "f1_transform", "target_name": "dev"} */

    
        select type from duckdb_databases()
        where lower(database_name)='f1'
        and type='sqlite'
    
  
10:57:31.710908 [debug]: Query executed on node unknown:
/* {"app": "dbt", "connection_name": "", "dbt_version": "2.0.0", "profile_name": "f1_transform", "target_name": "dev"} */

    
    
        create schema if not exists "f1"."main"
    
10:57:31.711089 [info ]: Started rendering (1 nodes)
10:57:31.711305 [info ]: Started model main.fastest_laps
10:57:31.711330 [debug]: Started rendering model main.fastest_laps
10:57:31.712758 [debug]: Compiled SQL for node model.f1_transform.fastest_laps at target\compiled\f1_transform\models\fastest_laps.sql
10:57:31.712992 [debug]: Finished rendering [  0.00s] model main.fastest_laps [success]
10:57:31.713204 [info ]: Finished rendering [  0.00s] (1 nodes, 0 skipped, 0 errors)
10:57:31.713418 [info ]: Started running (1 nodes)
10:57:31.713510 [info ]: Started running model main.fastest_laps
10:57:31.725857 [debug]: Query executed on node model.f1_transform.fastest_laps:
SELECT table_catalog, table_schema, table_name, table_type FROM information_schema.tables WHERE table_schema = 'main'
10:57:31.728431 [debug]: Writing runtime sql for node "model.f1_transform.fastest_laps"
10:57:31.752349 [debug]: Query executed on node model.f1_transform.fastest_laps:
/* {"app": "dbt", "dbt_version": "2.0.0", "node_id": "model.f1_transform.fastest_laps", "profile_name": "f1_transform", "target_name": "dev"} */

  
    
    

    create  table
      "f1"."main"."fastest_laps__dbt_tmp"
  
    as (
      SELECT
    driver_id,
    MIN((CAST(SPLIT_PART(time, ':', 1) AS INTEGER) * 60000) +
        (CAST(SPLIT_PART(time, ':', 2) AS FLOAT) * 1000)) AS fastest_lap_ms
FROM "f1"."main"."lap_times"
GROUP BY driver_id
    );
  
  
10:57:31.756665 [debug]: Query executed on node model.f1_transform.fastest_laps:
/* {"app": "dbt", "dbt_version": "2.0.0", "node_id": "model.f1_transform.fastest_laps", "profile_name": "f1_transform", "target_name": "dev"} */

      alter table "f1"."main"."fastest_laps__dbt_tmp" rename to "fastest_laps"
    
10:57:31.759139 [debug]: Query executed on node model.f1_transform.fastest_laps:
/* {"app": "dbt", "dbt_version": "2.0.0", "node_id": "model.f1_transform.fastest_laps", "profile_name": "f1_transform", "target_name": "dev"} */

      drop table if exists "f1"."main"."fastest_laps__dbt_backup" cascade
    
10:57:31.759813 [info ]: Finished running [  0.05s] model main.fastest_laps [success]
10:57:31.760095 [info ]: Finished running [  0.05s] (1 nodes, 0 skipped, 0 errors)
10:57:31.760296 [info ]:  Succeeded [  0.05s] model main.fastest_laps (table)
10:57:31.968846 [info ]: 
==================== Execution Summary =====================
Finished 'run' successfully for target 'dev' [364ms]
Processed: 1 model
Summary: 1 total | 1 success
==================== 2026-06-09T10:59:54.151446Z | 019eac09-f487-7be3-8870-c3dadc896070 ====================
10:59:54.151613 [info ]: dbt-core 2.0.0-alpha.1
10:59:54.152114 [info ]: Started loading project
10:59:54.156225 [info ]: Loading profiles.yml
10:59:54.174904 [debug]:    Started loading packages
10:59:54.177359 [debug]:     Loaded [  0.00s] packages
10:59:54.179488 [info ]: Finished loading project [  0.03s]
10:59:54.197222 [info ]: Started parsing
10:59:54.248897 [debug]: Finished parsing models\sources.yml [  0.02s]
10:59:54.251337 [debug]: Finished parsing models\driver_position_changes.sql [  0.00s]
10:59:54.268195 [debug]: Finished parsing models\fastest_laps.sql [  0.02s]
10:59:54.272641 [info ]: Finished parsing [  0.08s]
10:59:54.274407 [info ]: Started scheduling
10:59:54.274655 [info ]: Finished scheduling [  0.00s]
10:59:54.280003 [debug]: Initializing schema store with entry: Frontier(CanonicalFqn { catalog: "f1", schema: "main", table: "driver_standings" }) and interval: None
10:59:54.280131 [debug]: Initializing schema store with entry: Frontier(CanonicalFqn { catalog: "f1", schema: "main", table: "lap_times" }) and interval: None
10:59:54.281493 [info ]: Started building task graph
10:59:54.281959 [info ]: Finished building task graph [  0.00s]
10:59:54.592738 [debug]: Query executed on node unknown:
/* {"app": "dbt", "connection_name": "", "dbt_version": "2.0.0", "profile_name": "f1_transform", "target_name": "dev"} */

    
    select schema_name
    from system.information_schema.schemata
    
    where lower(catalog_name) = '"f1"'
    
  
  
10:59:54.593982 [debug]: Query executed on node unknown:
/* {"app": "dbt", "connection_name": "", "dbt_version": "2.0.0", "profile_name": "f1_transform", "target_name": "dev"} */

    
        select type from duckdb_databases()
        where lower(database_name)='f1'
        and type='sqlite'
    
  
10:59:54.594507 [debug]: Query executed on node unknown:
/* {"app": "dbt", "connection_name": "", "dbt_version": "2.0.0", "profile_name": "f1_transform", "target_name": "dev"} */

    
    
        create schema if not exists "f1"."main"
    
10:59:54.594648 [info ]: Started rendering (2 nodes)
10:59:54.594885 [info ]: Started model main.fastest_laps
10:59:54.594912 [debug]: Started rendering model main.fastest_laps
10:59:54.594949 [info ]: Started model main.driver_position_changes
10:59:54.594959 [debug]: Started rendering model main.driver_position_changes
10:59:54.597131 [debug]: Compiled SQL for node model.f1_transform.driver_position_changes at target\compiled\f1_transform\models\driver_position_changes.sql
10:59:54.597367 [debug]: Compiled SQL for node model.f1_transform.fastest_laps at target\compiled\f1_transform\models\fastest_laps.sql
10:59:54.597445 [debug]: Finished rendering [  0.00s] model main.driver_position_changes [success]
10:59:54.597682 [info ]: Started running (2 nodes)
10:59:54.597851 [info ]: Started running model main.driver_position_changes
10:59:54.597903 [debug]: Finished rendering [  0.00s] model main.fastest_laps [success]
10:59:54.598153 [info ]: Finished rendering [  0.00s] (2 nodes, 0 skipped, 0 errors)
10:59:54.598684 [info ]: Started running model main.fastest_laps
10:59:54.626203 [debug]: Query executed on node model.f1_transform.fastest_laps:
SELECT table_catalog, table_schema, table_name, table_type FROM information_schema.tables WHERE table_schema = 'main'
10:59:54.626719 [debug]: Query executed on node model.f1_transform.driver_position_changes:
SELECT table_catalog, table_schema, table_name, table_type FROM information_schema.tables WHERE table_schema = 'main'
10:59:54.635733 [debug]: Writing runtime sql for node "model.f1_transform.driver_position_changes"
10:59:54.638150 [debug]: Writing runtime sql for node "model.f1_transform.fastest_laps"
10:59:54.724339 [debug]: Query executed on node model.f1_transform.fastest_laps:
/* {"app": "dbt", "dbt_version": "2.0.0", "node_id": "model.f1_transform.fastest_laps", "profile_name": "f1_transform", "target_name": "dev"} */

  
    
    

    create  table
      "f1"."main"."fastest_laps__dbt_tmp"
  
    as (
      SELECT
    driver_id,
    MIN((CAST(SPLIT_PART(time, ':', 1) AS INTEGER) * 60000) +
        (CAST(SPLIT_PART(time, ':', 2) AS FLOAT) * 1000)) AS fastest_lap_ms
FROM "f1"."main"."lap_times"
GROUP BY driver_id
    );
  
  
10:59:54.727970 [debug]: Query executed on node model.f1_transform.driver_position_changes:
/* {"app": "dbt", "dbt_version": "2.0.0", "node_id": "model.f1_transform.driver_position_changes", "profile_name": "f1_transform", "target_name": "dev"} */

  
    
    

    create  table
      "f1"."main"."driver_position_changes__dbt_tmp"
  
    as (
      SELECT driver_id, round, position,
LAG(position) OVER (PARTITION BY driver_id  ORDER BY round) as previous_position,
LAG(position) OVER (PARTITION BY driver_id ORDER BY round) - position AS position_change
FROM "f1"."main"."driver_standings"
    );
  
  
10:59:54.731808 [debug]: Query executed on node model.f1_transform.fastest_laps:
/* {"app": "dbt", "dbt_version": "2.0.0", "node_id": "model.f1_transform.fastest_laps", "profile_name": "f1_transform", "target_name": "dev"} */

    SELECT index_name
    FROM duckdb_indexes()
    WHERE schema_name = 'main'
      AND table_name = 'fastest_laps'
  
10:59:54.737530 [debug]: Query executed on node model.f1_transform.fastest_laps:
/* {"app": "dbt", "dbt_version": "2.0.0", "node_id": "model.f1_transform.fastest_laps", "profile_name": "f1_transform", "target_name": "dev"} */

    SELECT COUNT(*) as remaining_indexes
    FROM duckdb_indexes()
    WHERE schema_name = 'main'
      AND table_name = 'fastest_laps'
  
10:59:54.738645 [debug]: Query executed on node model.f1_transform.driver_position_changes:
/* {"app": "dbt", "dbt_version": "2.0.0", "node_id": "model.f1_transform.driver_position_changes", "profile_name": "f1_transform", "target_name": "dev"} */

      alter table "f1"."main"."driver_position_changes__dbt_tmp" rename to "driver_position_changes"
    
10:59:54.742965 [debug]: Query executed on node model.f1_transform.fastest_laps:
/* {"app": "dbt", "dbt_version": "2.0.0", "node_id": "model.f1_transform.fastest_laps", "profile_name": "f1_transform", "target_name": "dev"} */

      alter table "f1"."main"."fastest_laps" rename to "fastest_laps__dbt_backup"
    
10:59:54.746260 [debug]: Query executed on node model.f1_transform.fastest_laps:
/* {"app": "dbt", "dbt_version": "2.0.0", "node_id": "model.f1_transform.fastest_laps", "profile_name": "f1_transform", "target_name": "dev"} */

      alter table "f1"."main"."fastest_laps__dbt_tmp" rename to "fastest_laps"
    
10:59:54.746488 [debug]: Query executed on node model.f1_transform.driver_position_changes:
/* {"app": "dbt", "dbt_version": "2.0.0", "node_id": "model.f1_transform.driver_position_changes", "profile_name": "f1_transform", "target_name": "dev"} */

      drop table if exists "f1"."main"."driver_position_changes__dbt_backup" cascade
    
10:59:54.748096 [info ]: Finished running [  0.15s] model main.driver_position_changes [success]
10:59:54.748542 [info ]:  Succeeded [  0.15s] model main.driver_position_changes (table)
10:59:54.750241 [debug]: Query executed on node model.f1_transform.fastest_laps:
/* {"app": "dbt", "dbt_version": "2.0.0", "node_id": "model.f1_transform.fastest_laps", "profile_name": "f1_transform", "target_name": "dev"} */

      drop table if exists "f1"."main"."fastest_laps__dbt_backup" cascade
    
10:59:54.751448 [info ]: Finished running [  0.15s] model main.fastest_laps [success]
10:59:54.751739 [info ]: Finished running [  0.15s] (2 nodes, 0 skipped, 0 errors)
10:59:54.752062 [info ]:  Succeeded [  0.15s] model main.fastest_laps (table)
10:59:54.939311 [info ]: 
==================== Execution Summary =====================
Finished 'run' successfully for target 'dev' [787ms]
Processed: 2 models
Summary: 2 total | 2 success
==================== 2026-06-09T11:06:32.286816Z | 019eac10-07dc-7781-9e4b-9d1c4e900b3a ====================
11:06:32.287073 [info ]: dbt-core 2.0.0-alpha.1
11:06:32.287846 [info ]: Started loading project
11:06:32.296718 [info ]: Loading profiles.yml
11:06:32.300928 [debug]:    Started loading packages
11:06:32.312825 [debug]:     Loaded [  0.01s] packages
11:06:32.313839 [info ]: Finished loading project [  0.03s]
11:06:32.314415 [info ]: Started parsing
11:06:32.363412 [debug]: Finished parsing models\sources.yml [  0.00s]
11:06:32.366544 [debug]: Finished parsing models\driver_position_changes.sql [  0.00s]
11:06:32.367215 [debug]: Finished parsing models\fastest_laps.sql [  0.00s]
11:06:32.371756 [info ]: Finished parsing [  0.06s]
11:06:32.372588 [info ]: Started scheduling
11:06:32.372851 [info ]: Finished scheduling [  0.00s]
11:06:32.385052 [debug]: Initializing schema store with entry: Frontier(CanonicalFqn { catalog: "f1", schema: "main", table: "lap_times" }) and interval: None
11:06:32.385499 [debug]: Initializing schema store with entry: Frontier(CanonicalFqn { catalog: "f1", schema: "main", table: "driver_standings" }) and interval: None
11:06:32.389353 [info ]: Started building task graph
11:06:32.390155 [info ]: Finished building task graph [  0.00s]
11:06:32.471865 [debug]: Query executed on node unknown:
/* {"app": "dbt", "connection_name": "", "dbt_version": "2.0.0", "profile_name": "f1_transform", "target_name": "dev"} */

    
    select schema_name
    from system.information_schema.schemata
    
    where lower(catalog_name) = '"f1"'
    
  
  
11:06:32.472873 [debug]: Query executed on node unknown:
/* {"app": "dbt", "connection_name": "", "dbt_version": "2.0.0", "profile_name": "f1_transform", "target_name": "dev"} */

    
        select type from duckdb_databases()
        where lower(database_name)='f1'
        and type='sqlite'
    
  
11:06:32.473427 [debug]: Query executed on node unknown:
/* {"app": "dbt", "connection_name": "", "dbt_version": "2.0.0", "profile_name": "f1_transform", "target_name": "dev"} */

    
    
        create schema if not exists "f1"."main"
    
11:06:32.473566 [info ]: Started rendering (2 nodes)
11:06:32.473816 [info ]: Started model main.fastest_laps
11:06:32.473846 [debug]: Started rendering model main.fastest_laps
11:06:32.475593 [debug]: Compiled SQL for node model.f1_transform.fastest_laps at target\compiled\f1_transform\models\fastest_laps.sql
11:06:32.482640 [info ]: Started model main.driver_position_changes
11:06:32.482676 [debug]: Started rendering model main.driver_position_changes
11:06:32.482890 [debug]: Finished rendering [  0.01s] model main.fastest_laps [success]
11:06:32.483397 [info ]: Started running (2 nodes)
11:06:32.483508 [info ]: Started running model main.fastest_laps
11:06:32.484228 [debug]: Compiled SQL for node model.f1_transform.driver_position_changes at target\compiled\f1_transform\models\driver_position_changes.sql
11:06:32.484358 [debug]: Finished rendering [  0.00s] model main.driver_position_changes [success]
11:06:32.484563 [info ]: Finished rendering [  0.01s] (2 nodes, 0 skipped, 0 errors)
11:06:32.484793 [info ]: Started running model main.driver_position_changes
11:06:32.492063 [debug]: Query executed on node model.f1_transform.driver_position_changes:
SELECT table_catalog, table_schema, table_name, table_type FROM information_schema.tables WHERE table_schema = 'main'
11:06:32.492063 [debug]: Query executed on node model.f1_transform.fastest_laps:
SELECT table_catalog, table_schema, table_name, table_type FROM information_schema.tables WHERE table_schema = 'main'
11:06:32.495473 [debug]: Writing runtime sql for node "model.f1_transform.fastest_laps"
11:06:32.495473 [debug]: Writing runtime sql for node "model.f1_transform.driver_position_changes"
11:06:32.504954 [debug]: Query executed on node model.f1_transform.fastest_laps:
/* {"app": "dbt", "dbt_version": "2.0.0", "node_id": "model.f1_transform.fastest_laps", "profile_name": "f1_transform", "target_name": "dev"} */

  
    
    

    create  table
      "f1"."main"."fastest_laps__dbt_tmp"
  
    as (
      SELECT
    driver_id,
    MIN((CAST(SPLIT_PART(time, ':', 1) AS INTEGER) * 60000) +
        (CAST(SPLIT_PART(time, ':', 2) AS FLOAT) * 1000)) AS fastest_lap_ms
FROM "f1"."main"."lap_times"
GROUP BY driver_id
    );
  
  
11:06:32.508984 [debug]: Query executed on node model.f1_transform.driver_position_changes:
/* {"app": "dbt", "dbt_version": "2.0.0", "node_id": "model.f1_transform.driver_position_changes", "profile_name": "f1_transform", "target_name": "dev"} */

  
    
    

    create  table
      "f1"."main"."driver_position_changes__dbt_tmp"
  
    as (
      SELECT driver_id, round, position,
LAG(position) OVER (PARTITION BY driver_id  ORDER BY round) as previous_position,
LAG(position) OVER (PARTITION BY driver_id ORDER BY round) - position AS position_change
FROM "f1"."main"."driver_standings"
    );
  
  
11:06:32.509805 [debug]: Query executed on node model.f1_transform.fastest_laps:
/* {"app": "dbt", "dbt_version": "2.0.0", "node_id": "model.f1_transform.fastest_laps", "profile_name": "f1_transform", "target_name": "dev"} */

    SELECT index_name
    FROM duckdb_indexes()
    WHERE schema_name = 'main'
      AND table_name = 'fastest_laps'
  
11:06:32.510514 [debug]: Query executed on node model.f1_transform.driver_position_changes:
/* {"app": "dbt", "dbt_version": "2.0.0", "node_id": "model.f1_transform.driver_position_changes", "profile_name": "f1_transform", "target_name": "dev"} */

    SELECT index_name
    FROM duckdb_indexes()
    WHERE schema_name = 'main'
      AND table_name = 'driver_position_changes'
  
11:06:32.511424 [debug]: Query executed on node model.f1_transform.fastest_laps:
/* {"app": "dbt", "dbt_version": "2.0.0", "node_id": "model.f1_transform.fastest_laps", "profile_name": "f1_transform", "target_name": "dev"} */

    SELECT COUNT(*) as remaining_indexes
    FROM duckdb_indexes()
    WHERE schema_name = 'main'
      AND table_name = 'fastest_laps'
  
11:06:32.512013 [debug]: Query executed on node model.f1_transform.driver_position_changes:
/* {"app": "dbt", "dbt_version": "2.0.0", "node_id": "model.f1_transform.driver_position_changes", "profile_name": "f1_transform", "target_name": "dev"} */

    SELECT COUNT(*) as remaining_indexes
    FROM duckdb_indexes()
    WHERE schema_name = 'main'
      AND table_name = 'driver_position_changes'
  
11:06:32.514300 [debug]: Query executed on node model.f1_transform.fastest_laps:
/* {"app": "dbt", "dbt_version": "2.0.0", "node_id": "model.f1_transform.fastest_laps", "profile_name": "f1_transform", "target_name": "dev"} */

      alter table "f1"."main"."fastest_laps" rename to "fastest_laps__dbt_backup"
    
11:06:32.515266 [debug]: Query executed on node model.f1_transform.driver_position_changes:
/* {"app": "dbt", "dbt_version": "2.0.0", "node_id": "model.f1_transform.driver_position_changes", "profile_name": "f1_transform", "target_name": "dev"} */

      alter table "f1"."main"."driver_position_changes" rename to "driver_position_changes__dbt_backup"
    
11:06:32.516925 [debug]: Query executed on node model.f1_transform.fastest_laps:
/* {"app": "dbt", "dbt_version": "2.0.0", "node_id": "model.f1_transform.fastest_laps", "profile_name": "f1_transform", "target_name": "dev"} */

      alter table "f1"."main"."fastest_laps__dbt_tmp" rename to "fastest_laps"
    
11:06:32.517782 [debug]: Query executed on node model.f1_transform.driver_position_changes:
/* {"app": "dbt", "dbt_version": "2.0.0", "node_id": "model.f1_transform.driver_position_changes", "profile_name": "f1_transform", "target_name": "dev"} */

      alter table "f1"."main"."driver_position_changes__dbt_tmp" rename to "driver_position_changes"
    
11:06:32.519909 [debug]: Query executed on node model.f1_transform.fastest_laps:
/* {"app": "dbt", "dbt_version": "2.0.0", "node_id": "model.f1_transform.fastest_laps", "profile_name": "f1_transform", "target_name": "dev"} */

      drop table if exists "f1"."main"."fastest_laps__dbt_backup" cascade
    
11:06:32.520723 [debug]: Query executed on node model.f1_transform.driver_position_changes:
/* {"app": "dbt", "dbt_version": "2.0.0", "node_id": "model.f1_transform.driver_position_changes", "profile_name": "f1_transform", "target_name": "dev"} */

      drop table if exists "f1"."main"."driver_position_changes__dbt_backup" cascade
    
11:06:32.520594 [info ]: Finished running [  0.04s] model main.fastest_laps [success]
11:06:32.520882 [info ]:  Succeeded [  0.05s] model main.fastest_laps (table)
11:06:32.521486 [info ]: Finished running [  0.04s] model main.driver_position_changes [success]
11:06:32.521688 [info ]: Finished running [  0.04s] (2 nodes, 0 skipped, 0 errors)
11:06:32.521901 [info ]:  Succeeded [  0.04s] model main.driver_position_changes (table)
11:06:32.799606 [info ]: 
==================== Execution Summary =====================
Finished 'run' successfully for target 'dev' [512ms]
Processed: 2 models
Summary: 2 total | 2 success
==================== 2026-06-09T11:18:30.402007Z | 019eac1a-fcff-71b0-ba55-6be146f507a9 ====================
11:18:30.402189 [info ]: dbt-core 2.0.0-alpha.1
11:18:30.402839 [info ]: Started loading project
11:18:30.406926 [info ]: Loading profiles.yml
11:18:30.409087 [debug]:    Started loading packages
11:18:30.411301 [debug]:     Loaded [  0.00s] packages
11:18:30.412381 [info ]: Finished loading project [  0.01s]
11:18:30.412990 [info ]: Started parsing
11:18:30.447024 [debug]: Finished parsing models\sources.yml [  0.00s]
11:18:30.449289 [debug]: Finished parsing models\driver_position_changes.sql [  0.00s]
11:18:30.450031 [debug]: Finished parsing models\fastest_laps.sql [  0.00s]
11:18:30.450569 [debug]: Finished parsing models\fastest_pit_stops.sql [  0.00s]
11:18:30.454414 [info ]: Finished parsing [  0.04s]
11:18:30.455163 [info ]: Started scheduling
11:18:30.455433 [info ]: Finished scheduling [  0.00s]
11:18:30.460562 [debug]: Initializing schema store with entry: Frontier(CanonicalFqn { catalog: "f1", schema: "main", table: "races" }) and interval: None
11:18:30.460717 [debug]: Initializing schema store with entry: Frontier(CanonicalFqn { catalog: "f1", schema: "main", table: "lap_times" }) and interval: None
11:18:30.460773 [debug]: Initializing schema store with entry: Frontier(CanonicalFqn { catalog: "f1", schema: "main", table: "driver_standings" }) and interval: None
11:18:30.460813 [debug]: Initializing schema store with entry: Frontier(CanonicalFqn { catalog: "f1", schema: "main", table: "pit_stops" }) and interval: None
11:18:30.462474 [info ]: Started building task graph
11:18:30.462778 [info ]: Finished building task graph [  0.00s]
11:18:30.880374 [error]: [DbDriverFailed (dbt1308)]: Failed to create schema 'main' in database 'f1' in remote for model.f1_transform.fastest_pit_stops: IO Error: Cannot open file "../data/f1.duckdb": Proces nie może uzyskać dostępu do pliku, ponieważ jest on używany przez inny proces.

File is already open in 
C:\Program Files\JetBrains\PyCharm 2026.1.2\jbr\bin\java.exe (PID 18812)
11:18:31.152016 [info ]: 
==================== Execution Summary =====================
Finished 'run' with 1 error for target 'dev' [750ms]
Processed: 3 models
==================== 2026-06-09T11:19:00.018059Z | 019eac1b-70af-7890-96fe-35ce963499a6 ====================
11:19:00.018194 [info ]: dbt-core 2.0.0-alpha.1
11:19:00.018627 [info ]: Started loading project
11:19:00.022812 [info ]: Loading profiles.yml
11:19:00.024907 [debug]:    Started loading packages
11:19:00.029332 [debug]:     Loaded [  0.00s] packages
11:19:00.030813 [info ]: Finished loading project [  0.01s]
11:19:00.031590 [info ]: Started parsing
11:19:00.055441 [debug]: Finished parsing models\sources.yml [  0.00s]
11:19:00.056801 [debug]: Finished parsing models\driver_position_changes.sql [  0.00s]
11:19:00.057127 [debug]: Finished parsing models\fastest_laps.sql [  0.00s]
11:19:00.057355 [debug]: Finished parsing models\fastest_pit_stops.sql [  0.00s]
11:19:00.059906 [info ]: Finished parsing [  0.03s]
11:19:00.060503 [info ]: Started scheduling
11:19:00.060707 [info ]: Finished scheduling [  0.00s]
11:19:00.063797 [debug]: Initializing schema store with entry: Frontier(CanonicalFqn { catalog: "f1", schema: "main", table: "lap_times" }) and interval: None
11:19:00.063893 [debug]: Initializing schema store with entry: Frontier(CanonicalFqn { catalog: "f1", schema: "main", table: "races" }) and interval: None
11:19:00.063913 [debug]: Initializing schema store with entry: Frontier(CanonicalFqn { catalog: "f1", schema: "main", table: "pit_stops" }) and interval: None
11:19:00.063930 [debug]: Initializing schema store with entry: Frontier(CanonicalFqn { catalog: "f1", schema: "main", table: "driver_standings" }) and interval: None
11:19:00.064960 [info ]: Started building task graph
11:19:00.065291 [info ]: Finished building task graph [  0.00s]
11:19:00.085981 [debug]: Query executed on node unknown:
/* {"app": "dbt", "connection_name": "", "dbt_version": "2.0.0", "profile_name": "f1_transform", "target_name": "dev"} */

    
    select schema_name
    from system.information_schema.schemata
    
    where lower(catalog_name) = '"f1"'
    
  
  
11:19:00.086757 [debug]: Query executed on node unknown:
/* {"app": "dbt", "connection_name": "", "dbt_version": "2.0.0", "profile_name": "f1_transform", "target_name": "dev"} */

    
        select type from duckdb_databases()
        where lower(database_name)='f1'
        and type='sqlite'
    
  
11:19:00.087138 [debug]: Query executed on node unknown:
/* {"app": "dbt", "connection_name": "", "dbt_version": "2.0.0", "profile_name": "f1_transform", "target_name": "dev"} */

    
    
        create schema if not exists "f1"."main"
    
11:19:00.087240 [info ]: Started rendering (3 nodes)
11:19:00.088155 [info ]: Started model main.fastest_pit_stops
11:19:00.088176 [debug]: Started rendering model main.fastest_pit_stops
11:19:00.088209 [info ]: Started model main.fastest_laps
11:19:00.088216 [debug]: Started rendering model main.fastest_laps
11:19:00.088224 [info ]: Started model main.driver_position_changes
11:19:00.088230 [debug]: Started rendering model main.driver_position_changes
11:19:00.090535 [debug]: Compiled SQL for node model.f1_transform.driver_position_changes at target\compiled\f1_transform\models\driver_position_changes.sql
11:19:00.090610 [debug]: Compiled SQL for node model.f1_transform.fastest_pit_stops at target\compiled\f1_transform\models\fastest_pit_stops.sql
11:19:00.090622 [debug]: Compiled SQL for node model.f1_transform.fastest_laps at target\compiled\f1_transform\models\fastest_laps.sql
11:19:00.090812 [debug]: Finished rendering [  0.00s] model main.driver_position_changes [success]
11:19:00.091084 [info ]: Started running (3 nodes)
11:19:00.091178 [info ]: Started running model main.driver_position_changes
11:19:00.091203 [debug]: Finished rendering [  0.00s] model main.fastest_laps [success]
11:19:00.091400 [info ]: Started running model main.fastest_laps
11:19:00.091436 [debug]: Finished rendering [  0.00s] model main.fastest_pit_stops [success]
11:19:00.091962 [info ]: Finished rendering [  0.00s] (3 nodes, 0 skipped, 0 errors)
11:19:00.092311 [info ]: Started running model main.fastest_pit_stops
11:19:00.095518 [debug]: Query executed on node model.f1_transform.fastest_pit_stops:
SELECT table_catalog, table_schema, table_name, table_type FROM information_schema.tables WHERE table_schema = 'main'
11:19:00.095518 [debug]: Query executed on node model.f1_transform.fastest_laps:
SELECT table_catalog, table_schema, table_name, table_type FROM information_schema.tables WHERE table_schema = 'main'
11:19:00.095970 [debug]: Query executed on node model.f1_transform.driver_position_changes:
SELECT table_catalog, table_schema, table_name, table_type FROM information_schema.tables WHERE table_schema = 'main'
11:19:00.097500 [debug]: Writing runtime sql for node "model.f1_transform.fastest_pit_stops"
11:19:00.097514 [debug]: Writing runtime sql for node "model.f1_transform.fastest_laps"
11:19:00.097950 [debug]: Writing runtime sql for node "model.f1_transform.driver_position_changes"
11:19:00.106041 [debug]: Query executed on node model.f1_transform.fastest_laps:
/* {"app": "dbt", "dbt_version": "2.0.0", "node_id": "model.f1_transform.fastest_laps", "profile_name": "f1_transform", "target_name": "dev"} */

  
    
    

    create  table
      "f1"."main"."fastest_laps__dbt_tmp"
  
    as (
      SELECT
    driver_id,
    MIN((CAST(SPLIT_PART(time, ':', 1) AS INTEGER) * 60000) +
        (CAST(SPLIT_PART(time, ':', 2) AS FLOAT) * 1000)) AS fastest_lap_ms
FROM "f1"."main"."lap_times"
GROUP BY driver_id
    );
  
  
11:19:00.107411 [debug]: Query executed on node model.f1_transform.driver_position_changes:
/* {"app": "dbt", "dbt_version": "2.0.0", "node_id": "model.f1_transform.driver_position_changes", "profile_name": "f1_transform", "target_name": "dev"} */

  
    
    

    create  table
      "f1"."main"."driver_position_changes__dbt_tmp"
  
    as (
      SELECT driver_id, round, position,
LAG(position) OVER (PARTITION BY driver_id  ORDER BY round) as previous_position,
LAG(position) OVER (PARTITION BY driver_id ORDER BY round) - position AS position_change
FROM "f1"."main"."driver_standings"
    );
  
  
11:19:00.107829 [debug]: Query executed on node model.f1_transform.fastest_laps:
/* {"app": "dbt", "dbt_version": "2.0.0", "node_id": "model.f1_transform.fastest_laps", "profile_name": "f1_transform", "target_name": "dev"} */

    SELECT index_name
    FROM duckdb_indexes()
    WHERE schema_name = 'main'
      AND table_name = 'fastest_laps'
  
11:19:00.108600 [debug]: Query executed on node model.f1_transform.driver_position_changes:
/* {"app": "dbt", "dbt_version": "2.0.0", "node_id": "model.f1_transform.driver_position_changes", "profile_name": "f1_transform", "target_name": "dev"} */

    SELECT index_name
    FROM duckdb_indexes()
    WHERE schema_name = 'main'
      AND table_name = 'driver_position_changes'
  
11:19:00.109057 [debug]: Query executed on node model.f1_transform.fastest_laps:
/* {"app": "dbt", "dbt_version": "2.0.0", "node_id": "model.f1_transform.fastest_laps", "profile_name": "f1_transform", "target_name": "dev"} */

    SELECT COUNT(*) as remaining_indexes
    FROM duckdb_indexes()
    WHERE schema_name = 'main'
      AND table_name = 'fastest_laps'
  
11:19:00.110221 [debug]: Query executed on node model.f1_transform.driver_position_changes:
/* {"app": "dbt", "dbt_version": "2.0.0", "node_id": "model.f1_transform.driver_position_changes", "profile_name": "f1_transform", "target_name": "dev"} */

    SELECT COUNT(*) as remaining_indexes
    FROM duckdb_indexes()
    WHERE schema_name = 'main'
      AND table_name = 'driver_position_changes'
  
11:19:00.113108 [debug]: Query executed on node model.f1_transform.fastest_laps:
/* {"app": "dbt", "dbt_version": "2.0.0", "node_id": "model.f1_transform.fastest_laps", "profile_name": "f1_transform", "target_name": "dev"} */

      alter table "f1"."main"."fastest_laps" rename to "fastest_laps__dbt_backup"
    
11:19:00.114288 [debug]: Query executed on node model.f1_transform.fastest_pit_stops:
/* {"app": "dbt", "dbt_version": "2.0.0", "node_id": "model.f1_transform.fastest_pit_stops", "profile_name": "f1_transform", "target_name": "dev"} */

  
    
    

    create  table
      "f1"."main"."fastest_pit_stops__dbt_tmp"
  
    as (
      WITH pit_stop_data as (
    SELECT driver_id, lap, duration, season, round
    FROM "f1"."main"."pit_stops"
),  race_data as
    (
    SELECT season, round, race_name, circuit_name
    FROM "f1"."main"."races"
)

SELECT MIN(pit_stop_data.duration) as fasetest_pit_stop, pit_stop_data.driver_id, race_data.circuit_name from pit_stop_data join race_data on pit_stop_data.season = race_data.season and pit_stop_data.round = race_data.round
GROUP BY race_data.circuit_name, pit_stop_data.driver_id

    );
  
  
11:19:00.114643 [debug]: Query executed on node model.f1_transform.driver_position_changes:
/* {"app": "dbt", "dbt_version": "2.0.0", "node_id": "model.f1_transform.driver_position_changes", "profile_name": "f1_transform", "target_name": "dev"} */

      alter table "f1"."main"."driver_position_changes" rename to "driver_position_changes__dbt_backup"
    
11:19:00.115805 [debug]: Query executed on node model.f1_transform.fastest_laps:
/* {"app": "dbt", "dbt_version": "2.0.0", "node_id": "model.f1_transform.fastest_laps", "profile_name": "f1_transform", "target_name": "dev"} */

      alter table "f1"."main"."fastest_laps__dbt_tmp" rename to "fastest_laps"
    
11:19:00.116563 [debug]: Query executed on node model.f1_transform.driver_position_changes:
/* {"app": "dbt", "dbt_version": "2.0.0", "node_id": "model.f1_transform.driver_position_changes", "profile_name": "f1_transform", "target_name": "dev"} */

      alter table "f1"."main"."driver_position_changes__dbt_tmp" rename to "driver_position_changes"
    
11:19:00.117082 [debug]: Query executed on node model.f1_transform.fastest_pit_stops:
/* {"app": "dbt", "dbt_version": "2.0.0", "node_id": "model.f1_transform.fastest_pit_stops", "profile_name": "f1_transform", "target_name": "dev"} */

      alter table "f1"."main"."fastest_pit_stops__dbt_tmp" rename to "fastest_pit_stops"
    
11:19:00.118537 [debug]: Query executed on node model.f1_transform.fastest_laps:
/* {"app": "dbt", "dbt_version": "2.0.0", "node_id": "model.f1_transform.fastest_laps", "profile_name": "f1_transform", "target_name": "dev"} */

      drop table if exists "f1"."main"."fastest_laps__dbt_backup" cascade
    
11:19:00.119334 [debug]: Query executed on node model.f1_transform.driver_position_changes:
/* {"app": "dbt", "dbt_version": "2.0.0", "node_id": "model.f1_transform.driver_position_changes", "profile_name": "f1_transform", "target_name": "dev"} */

      drop table if exists "f1"."main"."driver_position_changes__dbt_backup" cascade
    
11:19:00.119547 [debug]: Query executed on node model.f1_transform.fastest_pit_stops:
/* {"app": "dbt", "dbt_version": "2.0.0", "node_id": "model.f1_transform.fastest_pit_stops", "profile_name": "f1_transform", "target_name": "dev"} */

      drop table if exists "f1"."main"."fastest_pit_stops__dbt_backup" cascade
    
11:19:00.119203 [info ]: Finished running [  0.03s] model main.fastest_laps [success]
11:19:00.119579 [info ]:  Succeeded [  0.03s] model main.fastest_laps (table)
11:19:00.120046 [info ]: Finished running [  0.03s] model main.driver_position_changes [success]
11:19:00.120327 [info ]:  Succeeded [  0.03s] model main.driver_position_changes (table)
11:19:00.120627 [info ]: Finished running [  0.03s] model main.fastest_pit_stops [success]
11:19:00.120789 [info ]: Finished running [  0.03s] (3 nodes, 0 skipped, 0 errors)
11:19:00.121016 [info ]:  Succeeded [  0.03s] model main.fastest_pit_stops (table)
11:19:00.282838 [info ]: 
==================== Execution Summary =====================
Finished 'run' successfully for target 'dev' [264ms]
Processed: 3 models
Summary: 3 total | 3 success
